<?xml version="1.0" encoding="UTF-8"?>
<!-- Generated by org.testng.reporters.JUnitXMLReporter -->
<testsuite hostname="DESKTOP-6EA9O54" ignored="0" name="Surefire test" tests="1" failures="1" timestamp="2023-03-13T20:20:55 IST" time="10.479" errors="0">
  <testcase name="initialSetup" time="9.216" classname="Reports.ExtentReportsMaven.ExtentReportTest">
    <failure type="org.openqa.selenium.SessionNotCreatedException" message="session not created: This version of ChromeDriver only supports Chrome version 107
Current browser version is 111.0.5563.64 with binary path C:\Program Files (x86)\Google\Chrome\Application\chrome.exe
Build info: version: &amp;apos;3.141.59&amp;apos;, revision: &amp;apos;e82be7d358&amp;apos;, time: &amp;apos;2018-11-14T08:17:03&amp;apos;
System info: host: &amp;apos;DESKTOP-6EA9O54&amp;apos;, ip: &amp;apos;192.168.29.45&amp;apos;, os.name: &amp;apos;Windows 10&amp;apos;, os.arch: &amp;apos;amd64&amp;apos;, os.version: &amp;apos;10.0&amp;apos;, java.version: &amp;apos;1.8.0_241&amp;apos;
Driver info: driver.version: ChromeDriver
remote stacktrace: Backtrace:
	Ordinal0 [0x00D9ACD3+2075859]
	Ordinal0 [0x00D2EE61+1633889]
	Ordinal0 [0x00C2B7BD+571325]
	Ordinal0 [0x00C4DFCD+712653]
	Ordinal0 [0x00C49266+692838]
	Ordinal0 [0x00C46BE9+682985]
	Ordinal0 [0x00C7DBD3+908243]
	Ordinal0 [0x00C7D6AA+906922]
	Ordinal0 [0x00C77136+880950]
	Ordinal0 [0x00C4FEFD+720637]
	Ordinal0 [0x00C50F3F+724799]
	GetHandleVerifier [0x0104EED2+2769538]
	GetHandleVerifier [0x01040D95+2711877]
	GetHandleVerifier [0x00E2A03A+521194]
	GetHandleVerifier [0x00E28DA0+516432]
	Ordinal0 [0x00D3682C+1665068]
	Ordinal0 [0x00D3B128+1683752]
	Ordinal0 [0x00D3B215+1683989]
	Ordinal0 [0x00D46484+1729668]
	BaseThreadInitThunk [0x772D7D69+25]
	RtlInitializeExceptionChain [0x77A2BB9B+107]
	RtlClearBits [0x77A2BB1F+191]
">
      <![CDATA[org.openqa.selenium.SessionNotCreatedException: session not created: This version of ChromeDriver only supports Chrome version 107
Current browser version is 111.0.5563.64 with binary path C:\Program Files (x86)\Google\Chrome\Application\chrome.exe
Build info: version: '3.141.59', revision: 'e82be7d358', time: '2018-11-14T08:17:03'
System info: host: 'DESKTOP-6EA9O54', ip: '192.168.29.45', os.name: 'Windows 10', os.arch: 'amd64', os.version: '10.0', java.version: '1.8.0_241'
Driver info: driver.version: ChromeDriver
remote stacktrace: Backtrace:
Ordinal0 [0x00D9ACD3+2075859]
Ordinal0 [0x00D2EE61+1633889]
Ordinal0 [0x00C2B7BD+571325]
Ordinal0 [0x00C4DFCD+712653]
Ordinal0 [0x00C49266+692838]
Ordinal0 [0x00C46BE9+682985]
Ordinal0 [0x00C7DBD3+908243]
Ordinal0 [0x00C7D6AA+906922]
Ordinal0 [0x00C77136+880950]
Ordinal0 [0x00C4FEFD+720637]
Ordinal0 [0x00C50F3F+724799]
GetHandleVerifier [0x0104EED2+2769538]
GetHandleVerifier [0x01040D95+2711877]
GetHandleVerifier [0x00E2A03A+521194]
GetHandleVerifier [0x00E28DA0+516432]
Ordinal0 [0x00D3682C+1665068]
Ordinal0 [0x00D3B128+1683752]
Ordinal0 [0x00D3B215+1683989]
Ordinal0 [0x00D46484+1729668]
BaseThreadInitThunk [0x772D7D69+25]
RtlInitializeExceptionChain [0x77A2BB9B+107]
RtlClearBits [0x77A2BB1F+191]

at org.openqa.selenium.remote.W3CHandshakeResponse.lambda$errorHandler$0(W3CHandshakeResponse.java:62)
at org.openqa.selenium.remote.HandshakeResponse.lambda$getResponseFunction$0(HandshakeResponse.java:30)
at org.openqa.selenium.remote.ProtocolHandshake.lambda$createSession$0(ProtocolHandshake.java:126)
at java.util.stream.ReferencePipeline$3$1.accept(ReferencePipeline.java:193)
at java.util.Spliterators$ArraySpliterator.tryAdvance(Spliterators.java:958)
at java.util.stream.ReferencePipeline.forEachWithCancel(ReferencePipeline.java:126)
at java.util.stream.AbstractPipeline.copyIntoWithCancel(AbstractPipeline.java:499)
at java.util.stream.AbstractPipeline.copyInto(AbstractPipeline.java:486)
at java.util.stream.AbstractPipeline.wrapAndCopyInto(AbstractPipeline.java:472)
at java.util.stream.FindOps$FindOp.evaluateSequential(FindOps.java:152)
at java.util.stream.AbstractPipeline.evaluate(AbstractPipeline.java:234)
at java.util.stream.ReferencePipeline.findFirst(ReferencePipeline.java:464)
at org.openqa.selenium.remote.ProtocolHandshake.createSession(ProtocolHandshake.java:128)
at org.openqa.selenium.remote.ProtocolHandshake.createSession(ProtocolHandshake.java:74)
at org.openqa.selenium.remote.HttpCommandExecutor.execute(HttpCommandExecutor.java:136)
at org.openqa.selenium.remote.service.DriverCommandExecutor.execute(DriverCommandExecutor.java:83)
at org.openqa.selenium.remote.RemoteWebDriver.execute(RemoteWebDriver.java:552)
at org.openqa.selenium.remote.RemoteWebDriver.startSession(RemoteWebDriver.java:213)
at org.openqa.selenium.remote.RemoteWebDriver.<init>(RemoteWebDriver.java:131)
at org.openqa.selenium.chrome.ChromeDriver.<init>(ChromeDriver.java:181)
at org.openqa.selenium.chrome.ChromeDriver.<init>(ChromeDriver.java:168)
at org.openqa.selenium.chrome.ChromeDriver.<init>(ChromeDriver.java:123)
at Reports.ExtentReportsMaven.ExtentReportTest.initialSetup(ExtentReportTest.java:49)
at java.util.ArrayList.forEach(ArrayList.java:1257)
... Removed 36 stack frames]]>
    </failure>
  </testcase> <!-- initialSetup -->
</testsuite> <!-- Surefire test -->
