<?xml version="1.0" encoding="UTF-8"?>
<!-- Generated by org.testng.reporters.JUnitXMLReporter -->
<testsuite hostname="DESKTOP-6EA9O54" ignored="3" name="Test(failed)" tests="1" failures="1" timestamp="2021-09-18T13:21:09 IST" time="0.071" errors="0">
  <testcase name="LaunchURL" time="0.0" classname="TestPackage.regExp">
    <failure type="org.testng.TestNGException" message="
Parameter &amp;apos;Suite&amp;apos; is required by @Test on method LaunchURL but has not been marked @Optional or defined
in D:\Selenium\TestNG\test-output\Suite\testng-failed.xml">
      <![CDATA[org.testng.TestNGException: 
Parameter 'Suite' is required by @Test on method LaunchURL but has not been marked @Optional or defined
in D:\Selenium\TestNG\test-output\Suite\testng-failed.xml
at java.util.ArrayList.forEach(Unknown Source)
... Removed 26 stack frames]]>
    </failure>
  </testcase> <!-- LaunchURL -->
  <testcase name="LaunchLogout" time="0.0" classname="TestPackage.regExp">
    <ignored/>
  </testcase> <!-- LaunchLogout -->
  <testcase name="ClickValues" time="0.0" classname="TestPackage.regExp">
    <ignored/>
  </testcase> <!-- ClickValues -->
  <testcase name="DummyValues" time="0.0" classname="TestPackage.regExp">
    <ignored/>
  </testcase> <!-- DummyValues -->
</testsuite> <!-- Test(failed) -->
