<?xml version="1.0" encoding="UTF-8"?>
<!-- Generated by org.testng.reporters.JUnitXMLReporter -->
<testsuite ignored="0" hostname="DESKTOP-6EA9O54" failures="2" tests="6" name="BasicTestCases" time="0.305" errors="0" timestamp="2024-06-28T09:09:32 IST">
  <testcase classname="TestPackage.basicsTestNG" name="Demo1" time="0.117">
    <failure type="java.lang.IllegalStateException" message="The driver executable must exist: D:\Selenium\Setup\chromedriver.exe">
      <![CDATA[java.lang.IllegalStateException: The driver executable must exist: D:\Selenium\Setup\chromedriver.exe
at org.openqa.selenium.internal.Require$FileStateChecker.isFile(Require.java:345)
at org.openqa.selenium.remote.service.DriverService.checkExecutable(DriverService.java:160)
at org.openqa.selenium.remote.service.DriverService.findExecutable(DriverService.java:155)
at org.openqa.selenium.chrome.ChromeDriverService.access$000(ChromeDriverService.java:39)
at org.openqa.selenium.chrome.ChromeDriverService$Builder.findDefaultExecutable(ChromeDriverService.java:233)
at org.openqa.selenium.remote.service.DriverService$Builder.build(DriverService.java:450)
at org.openqa.selenium.chrome.ChromeDriverService.createDefaultService(ChromeDriverService.java:128)
at org.openqa.selenium.chrome.ChromeDriver.<init>(ChromeDriver.java:49)
at TestPackage.basicsTestNG.Demo1(basicsTestNG.java:32)
at java.base/java.util.ArrayList.forEach(ArrayList.java:1596)
... Removed 25 stack frames]]>
    </failure>
  </testcase> <!-- Demo1 -->
  <testcase classname="TestPackage.basicsTestNG" name="Demo2" time="0.007"/>
  <testcase classname="TestPackage.basicsTestNG" name="Demo3" time="0.004"/>
  <testcase classname="TestPackage.basicTestNG2" name="Demo1" time="0.012">
    <failure type="java.lang.IllegalStateException" message="The driver executable must exist: D:\Selenium\Setup\chromedriver.exe">
      <![CDATA[java.lang.IllegalStateException: The driver executable must exist: D:\Selenium\Setup\chromedriver.exe
at org.openqa.selenium.internal.Require$FileStateChecker.isFile(Require.java:345)
at org.openqa.selenium.remote.service.DriverService.checkExecutable(DriverService.java:160)
at org.openqa.selenium.remote.service.DriverService.findExecutable(DriverService.java:155)
at org.openqa.selenium.chrome.ChromeDriverService.access$000(ChromeDriverService.java:39)
at org.openqa.selenium.chrome.ChromeDriverService$Builder.findDefaultExecutable(ChromeDriverService.java:233)
at org.openqa.selenium.remote.service.DriverService$Builder.build(DriverService.java:450)
at org.openqa.selenium.chrome.ChromeDriverService.createDefaultService(ChromeDriverService.java:128)
at org.openqa.selenium.chrome.ChromeDriver.<init>(ChromeDriver.java:49)
at TestPackage.basicTestNG2.Demo1(basicTestNG2.java:31)
at java.base/java.util.ArrayList.forEach(ArrayList.java:1596)
... Removed 25 stack frames]]>
    </failure>
  </testcase> <!-- Demo1 -->
  <testcase classname="TestPackage.basicTestNG2" name="Demo2" time="0.003"/>
  <testcase classname="TestPackage.basicTestNG2" name="Demo3" time="0.005"/>
</testsuite> <!-- BasicTestCases -->
